<?xml version="1.0" encoding="UTF-8"?>
<testsuite name="demo.app.UserTests" tests="14" skipped="0" failures="0" errors="0" timestamp="2024-07-15T12:22:15" hostname="NOAGILBOA" time="2.575">
  <properties/>
  <testcase name="testLoginUserToDatabase()" classname="demo.app.UserTests" time="0.196"/>
  <testcase name="testCreateNewUserWithEmptyUserName()" classname="demo.app.UserTests" time="0.13"/>
  <testcase name="testCreateNewUserWithEmptyEmail()" classname="demo.app.UserTests" time="0.124"/>
  <testcase name="testCreateNewUserToDatabase()" classname="demo.app.UserTests" time="0.198"/>
  <testcase name="testCreateNewUserWithAnExistingEmailToDatabase()" classname="demo.app.UserTests" time="0.256"/>
  <testcase name="testUpdateRoleUserToDatabase()" classname="demo.app.UserTests" time="0.21"/>
  <testcase name="testCreateNewUserWithNullUserName()" classname="demo.app.UserTests" time="0.199"/>
  <testcase name="testLoginUserNonExistingToDatabase()" classname="demo.app.UserTests" time="0.254"/>
  <testcase name="testUpdateAvatarUserToDatabase()" classname="demo.app.UserTests" time="0.196"/>
  <testcase name="testCreateNewUserWithEmptyAvatar()" classname="demo.app.UserTests" time="0.136"/>
  <testcase name="testCreateNewUserWithNullAvatar()" classname="demo.app.UserTests" time="0.126"/>
  <testcase name="testUpdateNameUserToDatabase()" classname="demo.app.UserTests" time="0.163"/>
  <testcase name="testCreateNewUserWithInvalidEmail()" classname="demo.app.UserTests" time="0.13"/>
  <testcase name="testCreateNewUserWithNullEmail()" classname="demo.app.UserTests" time="0.149"/>
  <system-out><![CDATA[2024-07-15T15:22:15.085+03:00  INFO 24108 --- [2024b.yarden.cherry] [    Test worker] t.c.s.AnnotationConfigContextLoaderUtils : Could not detect default configuration classes for test class [demo.app.UserTests]: UserTests does not declare any static, non-private, non-final, nested classes annotated with @Configuration.
2024-07-15T15:22:15.088+03:00  INFO 24108 --- [2024b.yarden.cherry] [    Test worker] .b.t.c.SpringBootTestContextBootstrapper : Found @SpringBootConfiguration demo.app.Application for test class demo.app.UserTests
]]></system-out>
  <system-err><![CDATA[beginning test
set up
tear down
beginning test
set up
tear down
beginning test
set up
tear down
beginning test
set up
tear down
beginning test
set up
tear down
beginning test
set up
tear down
beginning test
set up
tear down
beginning test
set up
tear down
beginning test
set up
tear down
beginning test
set up
tear down
beginning test
set up
tear down
beginning test
set up
tear down
beginning test
set up
tear down
beginning test
set up
tear down
]]></system-err>
</testsuite>
