<?xml version="1.0" encoding="UTF-8"?>
<testsuite name="demo.app.PermissionTests" tests="6" skipped="0" failures="0" errors="0" timestamp="2024-07-15T12:22:13" hostname="NOAGILBOA" time="1.481">
  <properties/>
  <testcase name="testMiniappDeleteAllUsers()" classname="demo.app.PermissionTests" time="0.313"/>
  <testcase name="testSuperappGetAllUsers()" classname="demo.app.PermissionTests" time="0.254"/>
  <testcase name="testMiniappGetAllUsers()" classname="demo.app.PermissionTests" time="0.221"/>
  <testcase name="testAdminGetAllUsers()" classname="demo.app.PermissionTests" time="0.271"/>
  <testcase name="testSuperappDeleteAllUsers()" classname="demo.app.PermissionTests" time="0.201"/>
  <testcase name="testAdminDeleteAllUsers()" classname="demo.app.PermissionTests" time="0.178"/>
  <system-out><![CDATA[2024-07-15T15:22:13.583+03:00  INFO 24108 --- [2024b.yarden.cherry] [    Test worker] t.c.s.AnnotationConfigContextLoaderUtils : Could not detect default configuration classes for test class [demo.app.PermissionTests]: PermissionTests does not declare any static, non-private, non-final, nested classes annotated with @Configuration.
2024-07-15T15:22:13.587+03:00  INFO 24108 --- [2024b.yarden.cherry] [    Test worker] .b.t.c.SpringBootTestContextBootstrapper : Found @SpringBootConfiguration demo.app.Application for test class demo.app.PermissionTests
]]></system-out>
  <system-err><![CDATA[beginning test
beginning test
beginning test
beginning test
beginning test
beginning test
]]></system-err>
</testsuite>
